#-----------------------------------------------------------
# Vivado v2016.4 (64-bit)
# SW Build 1733598 on Wed Dec 14 22:35:39 MST 2016
# IP Build 1731160 on Wed Dec 14 23:47:21 MST 2016
# Start of session at: Sat Dec 15 09:52:32 2018
# Process ID: 6636
# Current directory: G:/HPC420/HPC_K420_UDP/udp_ip_10g_sfp_X1_SFP_B
# Command line: vivado.exe -gui_launcher_event rodinguilauncherevent2632 G:\HPC420\HPC_K420_UDP\udp_ip_10g_sfp_X1_SFP_B\udp_ip_10g_sfp.xpr
# Log file: G:/HPC420/HPC_K420_UDP/udp_ip_10g_sfp_X1_SFP_B/vivado.log
# Journal file: G:/HPC420/HPC_K420_UDP/udp_ip_10g_sfp_X1_SFP_B\vivado.jou
#-----------------------------------------------------------
start_gui
open_project G:/HPC420/HPC_K420_UDP/udp_ip_10g_sfp_X1_SFP_B/udp_ip_10g_sfp.xpr
INFO: [Project 1-313] Project file moved from 'D:/BaiduYunDownload/MIZ7035_VIP/S08_VIP/S08_CH07_udp_ip_10g_sfp/S08_CH07_udp_ip_10g_sfp' since last save.
Scanning sources...
Finished scanning sources
INFO: [IP_Flow 19-234] Refreshing IP repositories
INFO: [IP_Flow 19-1704] No user IP repositories specified
INFO: [IP_Flow 19-2313] Loaded Vivado IP repository 'D:/Xilinx2016/Vivado/2016.4/data/ip'.
open_project: Time (s): cpu = 00:00:16 ; elapsed = 00:00:09 . Memory (MB): peak = 980.824 ; gain = 241.250
reset_run synth_2_420
launch_runs impl_2 -to_step write_bitstream -jobs 8
[Sat Dec 15 10:00:52 2018] Launched synth_2_420...
Run output will be captured here: G:/HPC420/HPC_K420_UDP/udp_ip_10g_sfp_X1_SFP_B/udp_ip_10g_sfp.runs/synth_2_420/runme.log
[Sat Dec 15 10:00:53 2018] Launched impl_2...
Run output will be captured here: G:/HPC420/HPC_K420_UDP/udp_ip_10g_sfp_X1_SFP_B/udp_ip_10g_sfp.runs/impl_2/runme.log
open_run impl_2
INFO: [Netlist 29-17] Analyzing 379 Unisim elements for replacement
INFO: [Netlist 29-28] Unisim Transformation completed in 1 CPU seconds
INFO: [Project 1-479] Netlist was created with Vivado 2016.4
INFO: [Device 21-403] Loading part xc7k420tiffg901-2L
INFO: [Project 1-570] Preparing netlist for logic optimization
Parsing XDC File [G:/HPC420/HPC_K420_UDP/udp_ip_10g_sfp_X1_SFP_B/.Xil/Vivado-6636-lyc-PC/dcp/udp_transmit_test_early.xdc]
INFO: [Timing 38-35] Done setting XDC timing constraints. [G:/HPC420/HPC_K420_UDP/udp_ip_10g_sfp_X1_SFP_B/udp_ip_10g_sfp.srcs/sources_1/ip/clk_wiz_0/clk_wiz_0.xdc:57]
INFO: [Timing 38-2] Deriving generated clocks [G:/HPC420/HPC_K420_UDP/udp_ip_10g_sfp_X1_SFP_B/udp_ip_10g_sfp.srcs/sources_1/ip/clk_wiz_0/clk_wiz_0.xdc:57]
get_clocks: Time (s): cpu = 00:00:24 ; elapsed = 00:00:23 . Memory (MB): peak = 1841.094 ; gain = 544.188
Finished Parsing XDC File [G:/HPC420/HPC_K420_UDP/udp_ip_10g_sfp_X1_SFP_B/.Xil/Vivado-6636-lyc-PC/dcp/udp_transmit_test_early.xdc]
Parsing XDC File [G:/HPC420/HPC_K420_UDP/udp_ip_10g_sfp_X1_SFP_B/.Xil/Vivado-6636-lyc-PC/dcp/udp_transmit_test.xdc]
Finished Parsing XDC File [G:/HPC420/HPC_K420_UDP/udp_ip_10g_sfp_X1_SFP_B/.Xil/Vivado-6636-lyc-PC/dcp/udp_transmit_test.xdc]
Parsing XDC File [G:/HPC420/HPC_K420_UDP/udp_ip_10g_sfp_X1_SFP_B/.Xil/Vivado-6636-lyc-PC/dcp/udp_transmit_test_late.xdc]
Finished Parsing XDC File [G:/HPC420/HPC_K420_UDP/udp_ip_10g_sfp_X1_SFP_B/.Xil/Vivado-6636-lyc-PC/dcp/udp_transmit_test_late.xdc]
Reading XDEF placement.
Reading placer database...
Reading XDEF routing.
Read XDEF File: Time (s): cpu = 00:00:03 ; elapsed = 00:00:02 . Memory (MB): peak = 1850.129 ; gain = 0.000
Restored from archive | CPU: 3.000000 secs | Memory: 0.000000 MB |
Finished XDEF File Restore: Time (s): cpu = 00:00:03 ; elapsed = 00:00:02 . Memory (MB): peak = 1850.129 ; gain = 0.000
INFO: [Project 1-111] Unisim Transformation Summary:
  A total of 39 instances were transformed.
  RAM32M => RAM32M (RAMS32, RAMS32, RAMD32, RAMD32, RAMD32, RAMD32, RAMD32, RAMD32): 37 instances
  RAM64X1S => RAM64X1S (RAMS64E): 2 instances

open_run: Time (s): cpu = 00:01:08 ; elapsed = 00:00:52 . Memory (MB): peak = 1971.180 ; gain = 973.859
open_report: Time (s): cpu = 00:00:20 ; elapsed = 00:00:14 . Memory (MB): peak = 2028.016 ; gain = 0.000
open_hw
connect_hw_server -url localhost:3121
INFO: [Labtools 27-2285] Connecting to hw_server url TCP:localhost:3121
current_hw_target [get_hw_targets */xilinx_tcf/Digilent/210251A08870]
set_property PARAM.FREQUENCY 15000000 [get_hw_targets */xilinx_tcf/Digilent/210251A08870]
open_hw_target
INFO: [Labtoolstcl 44-466] Opening hw_target localhost:3121/xilinx_tcf/Digilent/210251A08870
set_property PROGRAM.FILE {G:/HPC420/HPC_K420_UDP/udp_ip_10g_sfp_X1_SFP_B/udp_ip_10g_sfp.runs/impl_2/udp_transmit_test.bit} [lindex [get_hw_devices xc7k420t_0] 0]
current_hw_device [lindex [get_hw_devices xc7k420t_0] 0]
refresh_hw_device -update_hw_probes false [lindex [get_hw_devices xc7k420t_0] 0]
INFO: [Labtools 27-1435] Device xc7k420t (JTAG device index = 0) is not programmed (DONE status = 0).
set_property PROBES.FILE {} [lindex [get_hw_devices xc7k420t_0] 0]
set_property PROGRAM.FILE {G:/HPC420/HPC_K420_UDP/udp_ip_10g_sfp_X1_SFP_B/udp_ip_10g_sfp.runs/impl_2/udp_transmit_test.bit} [lindex [get_hw_devices xc7k420t_0] 0]
program_hw_devices [lindex [get_hw_devices xc7k420t_0] 0]
INFO: [Labtools 27-3164] End of startup status: HIGH
refresh_hw_device [lindex [get_hw_devices xc7k420t_0] 0]
INFO: [Labtools 27-1434] Device xc7k420t (JTAG device index = 0) is programmed with a design that has no supported debug core(s) in it.
WARNING: [Labtools 27-3123] The debug hub core was not detected at User Scan Chain 1 or 3.
Resolution: 
1. Make sure the clock connected to the debug hub (dbg_hub) core is a free running clock and is active OR
2. Manually launch hw_server with -e "set xsdb-user-bscan <C_USER_SCAN_CHAIN scan_chain_number>" to detect the debug hub at User Scan Chain of 2 or 4. To determine the user scan chain setting, open the implemented design and use: get_property C_USER_SCAN_CHAIN [get_debug_cores dbg_hub].
WARNING: [Labtoolstcl 44-130] No matching hw_ilas were found.
WARNING: [Labtoolstcl 44-130] No matching hw_ilas were found.
WARNING: [Labtoolstcl 44-130] No matching hw_ilas were found.
WARNING: [Labtoolstcl 44-130] No matching hw_ilas were found.
ERROR: [Labtools 27-2269] No devices detected on target localhost:3121/xilinx_tcf/Digilent/210251A08870.
Check cable connectivity and that the target board is powered up then
use the disconnect_hw_server and connect_hw_server to re-register this hardware target.
INFO: [Labtools 27-1435] Device xc7k420t (JTAG device index = 0) is not programmed (DONE status = 0).
set_property PROBES.FILE {} [lindex [get_hw_devices xc7k420t_0] 0]
set_property PROGRAM.FILE {G:/HPC420/HPC_K420_UDP/udp_ip_10g_sfp_X1/udp_transmit_test.bit} [lindex [get_hw_devices xc7k420t_0] 0]
program_hw_devices [lindex [get_hw_devices xc7k420t_0] 0]
INFO: [Labtools 27-3164] End of startup status: HIGH
refresh_hw_device [lindex [get_hw_devices xc7k420t_0] 0]
INFO: [Labtools 27-1434] Device xc7k420t (JTAG device index = 0) is programmed with a design that has no supported debug core(s) in it.
WARNING: [Labtools 27-3123] The debug hub core was not detected at User Scan Chain 1 or 3.
Resolution: 
1. Make sure the clock connected to the debug hub (dbg_hub) core is a free running clock and is active OR
2. Manually launch hw_server with -e "set xsdb-user-bscan <C_USER_SCAN_CHAIN scan_chain_number>" to detect the debug hub at User Scan Chain of 2 or 4. To determine the user scan chain setting, open the implemented design and use: get_property C_USER_SCAN_CHAIN [get_debug_cores dbg_hub].
WARNING: [Labtoolstcl 44-130] No matching hw_ilas were found.
WARNING: [Labtoolstcl 44-130] No matching hw_ilas were found.
WARNING: [Labtoolstcl 44-130] No matching hw_ilas were found.
WARNING: [Labtoolstcl 44-130] No matching hw_ilas were found.
ERROR: [Labtools 27-2269] No devices detected on target localhost:3121/xilinx_tcf/Digilent/210251A08870.
Check cable connectivity and that the target board is powered up then
use the disconnect_hw_server and connect_hw_server to re-register this hardware target.
exit
INFO: [Common 17-206] Exiting Vivado at Sat Dec 15 10:46:51 2018...
